[debug] [2020-12-25T17:25:21.477Z] ----------------------------------------------------------------------
[debug] [2020-12-25T17:25:21.480Z] Command:       C:\Program Files\nodejs\node.exe C:\Users\Aman chy\AppData\Roaming\npm\node_modules\firebase-tools\lib\bin\firebase.js init
[debug] [2020-12-25T17:25:21.480Z] CLI Version:   9.0.1
[debug] [2020-12-25T17:25:21.481Z] Platform:      win32
[debug] [2020-12-25T17:25:21.481Z] Node Version:  v12.18.3
[debug] [2020-12-25T17:25:21.482Z] Time:          Fri Dec 25 2020 23:10:21 GMT+0545 (Nepal Time)
[debug] [2020-12-25T17:25:21.483Z] ----------------------------------------------------------------------
[debug] [2020-12-25T17:25:21.483Z] 
[debug] [2020-12-25T17:25:21.491Z] > command requires scopes: ["email","openid","https://www.googleapis.com/auth/cloudplatformprojects.readonly","https://www.googleapis.com/auth/firebase","https://www.googleapis.com/auth/cloud-platform"]
[debug] [2020-12-25T17:25:21.492Z] > authorizing via signed-in user
[info] 
     ######## #### ########  ######## ########     ###     ######  ########
     ##        ##  ##     ## ##       ##     ##  ##   ##  ##       ##
     ######    ##  ########  ######   ########  #########  ######  ######
     ##        ##  ##    ##  ##       ##     ## ##     ##       ## ##
     ##       #### ##     ## ######## ########  ##     ##  ######  ########

You're about to initialize a Firebase project in this directory:

  F:\FINAL YEAR PROJECT\tharu-ecom-app

Before we get started, keep in mind:

  * You are initializing in an existing Firebase project directory

[info] 
=== Project Setup
[info] 
[info] First, let's associate this project directory with a Firebase project.
[info] You can create multiple project aliases by running firebase use --add, 
[info] but for now we'll just set up a default project.
[info] 
[info] i  .firebaserc already has a default project, using tharu-ecommerce-web-ap. 
[debug] [2020-12-25T17:25:26.940Z] >>> HTTP REQUEST GET https://firebase.googleapis.com/v1beta1/projects/tharu-ecommerce-web-ap  
 
[debug] [2020-12-25T17:25:27.668Z] <<< HTTP RESPONSE 200 {"content-type":"application/json; charset=UTF-8","vary":"X-Origin, Referer, Origin,Accept-Encoding","date":"Fri, 25 Dec 2020 17:25:27 GMT","server":"ESF","cache-control":"private","x-xss-protection":"0","x-frame-options":"SAMEORIGIN","x-content-type-options":"nosniff","alt-svc":"h3-29=\":443\"; ma=2592000,h3-T051=\":443\"; ma=2592000,h3-Q050=\":443\"; ma=2592000,h3-Q046=\":443\"; ma=2592000,h3-Q043=\":443\"; ma=2592000,quic=\":443\"; ma=2592000; v=\"46,43\"","accept-ranges":"none","transfer-encoding":"chunked"}
[info] 
=== Hosting Setup
[info] 
[info] Your public directory is the folder (relative to your project directory) that
[info] will contain Hosting assets to be uploaded with firebase deploy. If you
[info] have a build process for your assets, use your build's output directory.
[info] 
